<?xml version="1.0" encoding="UTF-8"?>
<!-- Generated by org.testng.reporters.JUnitXMLReporter -->
<testsuite ignored="0" hostname="INBOOK_Y2_PLUS" failures="0" tests="10" name="Default test" time="23.942" errors="0" timestamp="2024-07-04T10:24:06 IST">
  <testcase classname="SwagLabs.SauceDemo" name="OpenApp" time="4.287"/>
  <testcase classname="SwagLabs.SauceDemo" name="Login" time="6.333"/>
  <testcase classname="SwagLabs.SauceDemo" name="AddToCart" time="3.084"/>
  <testcase classname="SwagLabs.SauceDemo" name="ViewCart" time="3.108"/>
  <testcase classname="SwagLabs.SauceDemo" name="CheckOut" time="3.103"/>
  <testcase classname="SwagLabs.SauceDemo" name="Adress" time="0.512"/>
  <testcase classname="SwagLabs.SauceDemo" name="Finish" time="0.082"/>
  <testcase classname="SwagLabs.SauceDemo" name="BackToHome" time="0.123"/>
  <testcase classname="SwagLabs.SauceDemo" name="Menu" time="3.105"/>
  <testcase classname="SwagLabs.SauceDemo" name="Logout" time="0.143"/>
</testsuite> <!-- Default test -->
